2026-05-01T17:08:19+00:00 DEBUG #2735 - [New Request] GET /wp-admin/admin.php
2026-05-01T17:08:19+00:00 DEBUG #2735 - GET https://api.woocommerce.com/integrations/ppc/v1/customer/partners/K8SKZ36LQBWXJ/merchant-integrations/
Response: Array
(
    [code] => 404
    [message] => Not Found
)

Response Body: {"statusCode":404,"error":"Not Found","message":"Not Found"}
2026-05-01T17:08:19+00:00 WARNING #2735 - [Erreur] Not Found CONTEXT: {"args":{"method":"GET","headers":{"Authorization":"Bearer token","Content-Type":"application/json"}},"response":{"headers":{},"body":"{"statusCode":404,"error":"Not Found","message":"Not Found"}","response":{"code":404,"message":"Not Found"},"cookies":[],"filename":null,"http_response":{"data":null,"headers":null,"status":null}}}
2026-05-01T17:08:23+00:00 DEBUG #6122 - [New Request] GET /wp-json/wc/v3/wc_paypal/webhooks
2026-05-01T17:08:23+00:00 DEBUG #6122 - GET https://api.woocommerce.com/integrations/ppc/v1/notifications/webhooks
Response: Array
(
    [code] => 404
    [message] => Not Found
)

Response Body: {"statusCode":404,"error":"Not Found","message":"Not Found"}
2026-05-01T17:08:33+00:00 DEBUG #7208 - [New Request] POST /wp-json/wc/v3/wc_paypal/login_link
2026-05-01T17:08:33+00:00 INFO #7208 - Generating onboarding URL for: production-advanced_vaulting-express_checkout-
2026-05-01T17:08:33+00:00 DEBUG #7208 - POST https://api.woocommerce.com/integrations/ppc/v2/customer/partner-referrals
Request Body: {"partner_config_override":{"return_url":"https:\/\/noble-essence.fr\/wp-admin\/admin.php?page=wc-settings&tab=checkout&section=ppcp-gateway&ppcpToken=eyJrIjoicHJvZHVjdGlvbi1hZHZhbmNlZF92YXVsdGluZy1leHByZXNzX2NoZWNrb3V0LSIsInUiOjEsImgiOiI2YmNjY2VkZjE3NWViZjVlNTNkYWM0MGZjYTY3ZTdlMyJ9","return_url_description":"Revenir sur votre site.","show_add_credit_card":false},"products":["PPCP","ADVANCED_VAULTING"],"capabilities":["PAYPAL_WALLET_VAULTING_ADVANCED"],"legal_consents":[{"type":"SHARE_DATA_CONSENT","granted":true}],"operations":[{"operation":"API_INTEGRATION","api_integration_preference":{"rest_api_integration":{"integration_method":"PAYPAL","integration_type":"FIRST_PARTY","first_party_details":{"features":["PAYMENT","REFUND","ADVANCED_TRANSACTIONS_SEARCH","TRACKING_SHIPMENT_READWRITE","BILLING_AGREEMENT"],"seller_nonce":"a1233wtergfsdt4365tzrshgfbaewa36AGa1233wtergfsdt4365tzrshgfbaewa36AG"}}}}]}
Response Debug ID: fc6d4dd921b02
Response: Array
(
    [code] => 201
    [message] => Created
)

2026-05-01T17:08:35+00:00 DEBUG #3585 - [New Request] POST /wp-json/wc/v3/wc_paypal/login_link
2026-05-01T17:08:35+00:00 DEBUG #3585 - Loaded onboarding URL from cache: production-advanced_vaulting-express_checkout-
2026-05-01T17:08:35+00:00 INFO #3585 - Using cached onboarding URL for: production-advanced_vaulting-express_checkout-
2026-05-01T17:08:35+00:00 DEBUG #8564 - [New Request] POST /wp-json/wc/v3/wc_paypal/login_link
2026-05-01T17:08:35+00:00 DEBUG #8564 - Loaded onboarding URL from cache: production-advanced_vaulting-express_checkout-
2026-05-01T17:08:35+00:00 INFO #8564 - Using cached onboarding URL for: production-advanced_vaulting-express_checkout-
